c:\users\admin\documents\github\supremacy-legacy\logs\debug\aimbot.obj
c:\users\admin\documents\github\supremacy-legacy\logs\debug\client.obj
c:\users\admin\documents\github\supremacy-legacy\logs\debug\colorpicker.obj
c:\users\admin\documents\github\supremacy-legacy\logs\debug\dropdown.obj
c:\users\admin\documents\github\supremacy-legacy\logs\debug\entry.obj
c:\users\admin\documents\github\supremacy-legacy\logs\debug\grenades.obj
c:\users\admin\documents\github\supremacy-legacy\logs\debug\keybind.obj
c:\users\admin\documents\github\supremacy-legacy\logs\debug\materialsystem.obj
c:\users\admin\documents\github\supremacy-legacy\logs\debug\multidropdown.obj
c:\users\admin\documents\github\supremacy-legacy\logs\debug\penetration.obj
c:\users\admin\documents\github\supremacy-legacy\logs\debug\prediction.obj
c:\users\admin\documents\github\supremacy-legacy\logs\debug\shadowmgr.obj
c:\users\admin\documents\github\supremacy-legacy\logs\debug\surface.obj
c:\users\admin\documents\github\supremacy-legacy\logs\debug\button.obj
c:\users\admin\documents\github\supremacy-legacy\logs\debug\chams.obj
c:\users\admin\documents\github\supremacy-legacy\logs\debug\clientstate.obj
c:\users\admin\documents\github\supremacy-legacy\logs\debug\cvar.obj
c:\users\admin\documents\github\supremacy-legacy\logs\debug\engine.obj
c:\users\admin\documents\github\supremacy-legacy\logs\debug\form.obj
c:\users\admin\documents\github\supremacy-legacy\logs\debug\hvh.obj
c:\users\admin\documents\github\supremacy-legacy\logs\debug\matchframework.obj
c:\users\admin\documents\github\supremacy-legacy\logs\debug\movement.obj
c:\users\admin\documents\github\supremacy-legacy\logs\debug\panel.obj
c:\users\admin\documents\github\supremacy-legacy\logs\debug\render.obj
c:\users\admin\documents\github\supremacy-legacy\logs\debug\shots.obj
c:\users\admin\documents\github\supremacy-legacy\logs\debug\viewrender.obj
c:\users\admin\documents\github\supremacy-legacy\logs\debug\bonesetup.obj
c:\users\admin\documents\github\supremacy-legacy\logs\debug\clientdll.obj
c:\users\admin\documents\github\supremacy-legacy\logs\debug\config.obj
c:\users\admin\documents\github\supremacy-legacy\logs\debug\edit.obj
c:\users\admin\documents\github\supremacy-legacy\logs\debug\events.obj
c:\users\admin\documents\github\supremacy-legacy\logs\debug\gui.obj
c:\users\admin\documents\github\supremacy-legacy\logs\debug\knifebot.obj
c:\users\admin\documents\github\supremacy-legacy\logs\debug\math.obj
c:\users\admin\documents\github\supremacy-legacy\logs\debug\netchannel.obj
c:\users\admin\documents\github\supremacy-legacy\logs\debug\player.obj
c:\users\admin\documents\github\supremacy-legacy\logs\debug\renderview.obj
c:\users\admin\documents\github\supremacy-legacy\logs\debug\skins.obj
c:\users\admin\documents\github\supremacy-legacy\logs\debug\callbacks.obj
c:\users\admin\documents\github\supremacy-legacy\logs\debug\checkbox.obj
c:\users\admin\documents\github\supremacy-legacy\logs\debug\clientmode.obj
c:\users\admin\documents\github\supremacy-legacy\logs\debug\csgo.obj
c:\users\admin\documents\github\supremacy-legacy\logs\debug\firebullets.obj
c:\users\admin\documents\github\supremacy-legacy\logs\debug\hooks.obj
c:\users\admin\documents\github\supremacy-legacy\logs\debug\lagcomp.obj
c:\users\admin\documents\github\supremacy-legacy\logs\debug\modelrender.obj
c:\users\admin\documents\github\supremacy-legacy\logs\debug\netdata.obj
c:\users\admin\documents\github\supremacy-legacy\logs\debug\pred.obj
c:\users\admin\documents\github\supremacy-legacy\logs\debug\resolver.obj
c:\users\admin\documents\github\supremacy-legacy\logs\debug\slider.obj
c:\users\admin\documents\github\supremacy-legacy\logs\debug\wndproc.obj
c:\users\admin\documents\github\supremacy-legacy\logs\debug\vc141.pdb
c:\users\admin\documents\github\supremacy-legacy\logs\debug\vc141.idb
c:\users\admin\documents\github\supremacy-legacy\logs\debug\visuals.obj
c:\users\admin\documents\github\supremacy-legacy\outputs\debug\debug.dll
c:\users\admin\documents\github\supremacy-legacy\outputs\debug\debug.ilk
c:\users\admin\documents\github\supremacy-legacy\outputs\debug\debug.pdb
c:\users\admin\documents\github\supremacy-legacy\.\outputs\debug\debug.dll
c:\users\admin\documents\github\supremacy-legacy\logs\debug\supremacy_csgo.tlog\cl.command.1.tlog
c:\users\admin\documents\github\supremacy-legacy\logs\debug\supremacy_csgo.tlog\cl.read.1.tlog
c:\users\admin\documents\github\supremacy-legacy\logs\debug\supremacy_csgo.tlog\cl.write.1.tlog
c:\users\admin\documents\github\supremacy-legacy\logs\debug\supremacy_csgo.tlog\link.command.1.tlog
c:\users\admin\documents\github\supremacy-legacy\logs\debug\supremacy_csgo.tlog\link.read.1.tlog
c:\users\admin\documents\github\supremacy-legacy\logs\debug\supremacy_csgo.tlog\link.write.1.tlog
